[0m[[0minfo[0m] [0m[32mFunSetSuite:[0m[0m
[0m[[0minfo[0m] [0m[32m- contains is implemented[0m[0m
[0m[[0minfo[0m] [0m[32m- singletonSet(1) contains 1[0m[0m
[0m[[0minfo[0m] [0m[32m- union contains all elements of each set[0m[0m
[0m[[0minfo[0m] [0m[31m- intersect elements *** FAILED ***[0m[0m
[0m[[0minfo[0m] [0m[31m  scala.NotImplementedError: an implementation is missing[0m[0m
[0m[[0minfo[0m] [0m[31m  at scala.Predef$.$qmark$qmark$qmark(Predef.scala:225)[0m[0m
[0m[[0minfo[0m] [0m[31m  at funsets.FunSets$.intersect(FunSets.scala:35)[0m[0m
[0m[[0minfo[0m] [0m[31m  at funsets.FunSetSuite$$anonfun$5$$anon$3.<init>(FunSetSuite.scala:117)[0m[0m
[0m[[0minfo[0m] [0m[31m  at funsets.FunSetSuite$$anonfun$5.apply$mcV$sp(FunSetSuite.scala:114)[0m[0m
[0m[[0minfo[0m] [0m[31m  at funsets.FunSetSuite$$anonfun$5.apply(FunSetSuite.scala:114)[0m[0m
[0m[[0minfo[0m] [0m[31m  at funsets.FunSetSuite$$anonfun$5.apply(FunSetSuite.scala:114)[0m[0m
[0m[[0minfo[0m] [0m[31m  at org.scalatest.Transformer$$anonfun$apply$1.apply$mcV$sp(Transformer.scala:22)[0m[0m
[0m[[0minfo[0m] [0m[31m  at org.scalatest.OutcomeOf$class.outcomeOf(OutcomeOf.scala:85)[0m[0m
[0m[[0minfo[0m] [0m[31m  at org.scalatest.OutcomeOf$.outcomeOf(OutcomeOf.scala:104)[0m[0m
[0m[[0minfo[0m] [0m[31m  at org.scalatest.Transformer.apply(Transformer.scala:22)[0m[0m
[0m[[0minfo[0m] [0m[31m  ...[0m[0m
[0m[[0minfo[0m] [0m[31m- diff elements *** FAILED ***[0m[0m
[0m[[0minfo[0m] [0m[31m  scala.NotImplementedError: an implementation is missing[0m[0m
[0m[[0minfo[0m] [0m[31m  at scala.Predef$.$qmark$qmark$qmark(Predef.scala:225)[0m[0m
[0m[[0minfo[0m] [0m[31m  at funsets.FunSets$.diff(FunSets.scala:41)[0m[0m
[0m[[0minfo[0m] [0m[31m  at funsets.FunSetSuite$$anonfun$6$$anon$4.<init>(FunSetSuite.scala:128)[0m[0m
[0m[[0minfo[0m] [0m[31m  at funsets.FunSetSuite$$anonfun$6.apply$mcV$sp(FunSetSuite.scala:125)[0m[0m
[0m[[0minfo[0m] [0m[31m  at funsets.FunSetSuite$$anonfun$6.apply(FunSetSuite.scala:125)[0m[0m
[0m[[0minfo[0m] [0m[31m  at funsets.FunSetSuite$$anonfun$6.apply(FunSetSuite.scala:125)[0m[0m
[0m[[0minfo[0m] [0m[31m  at org.scalatest.Transformer$$anonfun$apply$1.apply$mcV$sp(Transformer.scala:22)[0m[0m
[0m[[0minfo[0m] [0m[31m  at org.scalatest.OutcomeOf$class.outcomeOf(OutcomeOf.scala:85)[0m[0m
[0m[[0minfo[0m] [0m[31m  at org.scalatest.OutcomeOf$.outcomeOf(OutcomeOf.scala:104)[0m[0m
[0m[[0minfo[0m] [0m[31m  at org.scalatest.Transformer.apply(Transformer.scala:22)[0m[0m
[0m[[0minfo[0m] [0m[31m  ...[0m[0m
[0m[[0minfo[0m] [0m[31m- filter elements *** FAILED ***[0m[0m
[0m[[0minfo[0m] [0m[31m  scala.NotImplementedError: an implementation is missing[0m[0m
[0m[[0minfo[0m] [0m[31m  at scala.Predef$.$qmark$qmark$qmark(Predef.scala:225)[0m[0m
[0m[[0minfo[0m] [0m[31m  at funsets.FunSets$.filter(FunSets.scala:46)[0m[0m
[0m[[0minfo[0m] [0m[31m  at funsets.FunSetSuite$$anonfun$7$$anon$5.<init>(FunSetSuite.scala:138)[0m[0m
[0m[[0minfo[0m] [0m[31m  at funsets.FunSetSuite$$anonfun$7.apply$mcV$sp(FunSetSuite.scala:136)[0m[0m
[0m[[0minfo[0m] [0m[31m  at funsets.FunSetSuite$$anonfun$7.apply(FunSetSuite.scala:136)[0m[0m
[0m[[0minfo[0m] [0m[31m  at funsets.FunSetSuite$$anonfun$7.apply(FunSetSuite.scala:136)[0m[0m
[0m[[0minfo[0m] [0m[31m  at org.scalatest.Transformer$$anonfun$apply$1.apply$mcV$sp(Transformer.scala:22)[0m[0m
[0m[[0minfo[0m] [0m[31m  at org.scalatest.OutcomeOf$class.outcomeOf(OutcomeOf.scala:85)[0m[0m
[0m[[0minfo[0m] [0m[31m  at org.scalatest.OutcomeOf$.outcomeOf(OutcomeOf.scala:104)[0m[0m
[0m[[0minfo[0m] [0m[31m  at org.scalatest.Transformer.apply(Transformer.scala:22)[0m[0m
[0m[[0minfo[0m] [0m[31m  ...[0m[0m
[0m[[0minfo[0m] [0m[31m- map transform *** FAILED ***[0m[0m
[0m[[0minfo[0m] [0m[31m  scala.NotImplementedError: an implementation is missing[0m[0m
[0m[[0minfo[0m] [0m[31m  at scala.Predef$.$qmark$qmark$qmark(Predef.scala:225)[0m[0m
[0m[[0minfo[0m] [0m[31m  at funsets.FunSets$.map(FunSets.scala:75)[0m[0m
[0m[[0minfo[0m] [0m[31m  at funsets.FunSetSuite$$anonfun$9$$anon$6.<init>(FunSetSuite.scala:147)[0m[0m
[0m[[0minfo[0m] [0m[31m  at funsets.FunSetSuite$$anonfun$9.apply$mcV$sp(FunSetSuite.scala:145)[0m[0m
[0m[[0minfo[0m] [0m[31m  at funsets.FunSetSuite$$anonfun$9.apply(FunSetSuite.scala:145)[0m[0m
[0m[[0minfo[0m] [0m[31m  at funsets.FunSetSuite$$anonfun$9.apply(FunSetSuite.scala:145)[0m[0m
[0m[[0minfo[0m] [0m[31m  at org.scalatest.Transformer$$anonfun$apply$1.apply$mcV$sp(Transformer.scala:22)[0m[0m
[0m[[0minfo[0m] [0m[31m  at org.scalatest.OutcomeOf$class.outcomeOf(OutcomeOf.scala:85)[0m[0m
[0m[[0minfo[0m] [0m[31m  at org.scalatest.OutcomeOf$.outcomeOf(OutcomeOf.scala:104)[0m[0m
[0m[[0minfo[0m] [0m[31m  at org.scalatest.Transformer.apply(Transformer.scala:22)[0m[0m
[0m[[0minfo[0m] [0m[31m  ...[0m[0m
